
*** Running vivado
    with args -log VGA_Controller.vds -m64 -product Vivado -mode batch -messageDb vivado.pb -notrace -source VGA_Controller.tcl



****** Vivado v2022.1 (64-bit)
  **** SW Build 3526262 on Mon Apr 18 15:48:16 MDT 2022
  **** IP Build 3524634 on Mon Apr 18 20:55:01 MDT 2022
    ** Copyright 1986-2022 Xilinx, Inc. All Rights Reserved.

source VGA_Controller.tcl -notrace
Command: read_checkpoint -auto_incremental -incremental C:/Users/Madalin/OneDrive/SSC/VGA-Project/VGA-Project.srcs/utils_1/imports/synth_1/Frequency_Divider.dcp
INFO: [Vivado 12-5825] Read reference checkpoint from C:/Users/Madalin/OneDrive/SSC/VGA-Project/VGA-Project.srcs/utils_1/imports/synth_1/Frequency_Divider.dcp for incremental synthesis
INFO: [Vivado 12-7989] Please ensure there are no constraint changes
Command: synth_design -top VGA_Controller -part xc7a35tcpg236-1
Starting synth_design
Attempting to get a license for feature 'Synthesis' and/or device 'xc7a35t'
INFO: [Common 17-349] Got license for feature 'Synthesis' and/or device 'xc7a35t'
INFO: [Device 21-403] Loading part xc7a35tcpg236-1
INFO: [Designutils 20-5440] No compile time benefit to using incremental synthesis; A full resynthesis will be run
INFO: [Designutils 20-4379] Flow is switching to default flow due to incremental criteria not met. If you would like to alter this behaviour and have the flow terminate instead, please set the following parameter config_implementation {autoIncr.Synth.RejectBehavior Terminate}
INFO: [Synth 8-7079] Multithreading enabled for synth_design using a maximum of 2 processes.
INFO: [Synth 8-7078] Launching helper process for spawning children vivado processes
INFO: [Synth 8-7075] Helper process launched with PID 15728
---------------------------------------------------------------------------------
Starting RTL Elaboration : Time (s): cpu = 00:00:04 ; elapsed = 00:00:04 . Memory (MB): peak = 1295.207 ; gain = 0.000
---------------------------------------------------------------------------------
INFO: [Synth 8-638] synthesizing module 'VGA_Controller' [C:/Users/Madalin/OneDrive/SSC/VGA-Project/VGA-Project.srcs/sources_1/new/VGA_Controller.vhd:49]
INFO: [Synth 8-638] synthesizing module 'Frequency_Divider' [C:/Users/Madalin/OneDrive/SSC/VGA-Project/VGA-Project.srcs/sources_1/new/Frequency_Divider.vhd:40]
INFO: [Synth 8-256] done synthesizing module 'Frequency_Divider' (0#1) [C:/Users/Madalin/OneDrive/SSC/VGA-Project/VGA-Project.srcs/sources_1/new/Frequency_Divider.vhd:40]
INFO: [Synth 8-638] synthesizing module 'Counters' [C:/Users/Madalin/OneDrive/SSC/VGA-Project/VGA-Project.srcs/sources_1/new/Counters.vhd:44]
	Parameter HORIZONTAL bound to: 800 - type: integer 
	Parameter VERTICAL bound to: 525 - type: integer 
INFO: [Synth 8-256] done synthesizing module 'Counters' (0#1) [C:/Users/Madalin/OneDrive/SSC/VGA-Project/VGA-Project.srcs/sources_1/new/Counters.vhd:44]
INFO: [Synth 8-638] synthesizing module 'Comparators' [C:/Users/Madalin/OneDrive/SSC/VGA-Project/VGA-Project.srcs/sources_1/new/Comparators.vhd:58]
	Parameter H_MIN_ADDRESSABLE bound to: 144 - type: integer 
	Parameter H_MAX_ADDRESSABLE bound to: 784 - type: integer 
	Parameter V_MIN_ADDRESSABLE bound to: 35 - type: integer 
	Parameter V_MAX_ADDRESSABLE bound to: 515 - type: integer 
	Parameter H_MIN_HS_VS_GENERATION bound to: 0 - type: integer 
	Parameter H_MAX_HS_VS_GENERATION bound to: 96 - type: integer 
	Parameter V_MIN_HS_VS_GENERATION bound to: 0 - type: integer 
	Parameter V_MAX_HS_VS_GENERATION bound to: 2 - type: integer 
INFO: [Synth 8-256] done synthesizing module 'Comparators' (0#1) [C:/Users/Madalin/OneDrive/SSC/VGA-Project/VGA-Project.srcs/sources_1/new/Comparators.vhd:58]
INFO: [Synth 8-3491] module 'BRAM_img1' declared at 'C:/Users/Madalin/OneDrive/SSC/VGA-Project/VGA-Project.runs/synth_1/.Xil/Vivado-20376-DESKTOP-6LNBR6U/realtime/BRAM_img1_stub.v:5' bound to instance 'your_instance_name' of component 'BRAM_img1' [C:/Users/Madalin/OneDrive/SSC/VGA-Project/VGA-Project.srcs/sources_1/new/VGA_Controller.vhd:144]
INFO: [Synth 8-6157] synthesizing module 'BRAM_img1' [C:/Users/Madalin/OneDrive/SSC/VGA-Project/VGA-Project.runs/synth_1/.Xil/Vivado-20376-DESKTOP-6LNBR6U/realtime/BRAM_img1_stub.v:5]
INFO: [Synth 8-6155] done synthesizing module 'BRAM_img1' (0#1) [C:/Users/Madalin/OneDrive/SSC/VGA-Project/VGA-Project.runs/synth_1/.Xil/Vivado-20376-DESKTOP-6LNBR6U/realtime/BRAM_img1_stub.v:5]
WARNING: [Synth 8-614] signal 'V_counter' is read in the process but is not in the sensitivity list [C:/Users/Madalin/OneDrive/SSC/VGA-Project/VGA-Project.srcs/sources_1/new/VGA_Controller.vhd:153]
WARNING: [Synth 8-614] signal 'H_counter' is read in the process but is not in the sensitivity list [C:/Users/Madalin/OneDrive/SSC/VGA-Project/VGA-Project.srcs/sources_1/new/VGA_Controller.vhd:153]
WARNING: [Synth 8-614] signal 'Img_data' is read in the process but is not in the sensitivity list [C:/Users/Madalin/OneDrive/SSC/VGA-Project/VGA-Project.srcs/sources_1/new/VGA_Controller.vhd:153]
INFO: [Synth 8-256] done synthesizing module 'VGA_Controller' (0#1) [C:/Users/Madalin/OneDrive/SSC/VGA-Project/VGA-Project.srcs/sources_1/new/VGA_Controller.vhd:49]
---------------------------------------------------------------------------------
Finished RTL Elaboration : Time (s): cpu = 00:00:05 ; elapsed = 00:00:05 . Memory (MB): peak = 1295.207 ; gain = 0.000
---------------------------------------------------------------------------------
---------------------------------------------------------------------------------
Start Handling Custom Attributes
---------------------------------------------------------------------------------
---------------------------------------------------------------------------------
Finished Handling Custom Attributes : Time (s): cpu = 00:00:05 ; elapsed = 00:00:05 . Memory (MB): peak = 1295.207 ; gain = 0.000
---------------------------------------------------------------------------------
---------------------------------------------------------------------------------
Finished RTL Optimization Phase 1 : Time (s): cpu = 00:00:05 ; elapsed = 00:00:05 . Memory (MB): peak = 1295.207 ; gain = 0.000
---------------------------------------------------------------------------------
Netlist sorting complete. Time (s): cpu = 00:00:00 ; elapsed = 00:00:00.002 . Memory (MB): peak = 1295.207 ; gain = 0.000
INFO: [Project 1-570] Preparing netlist for logic optimization

Processing XDC Constraints
Initializing timing engine
Parsing XDC File [c:/Users/Madalin/OneDrive/SSC/VGA-Project/VGA-Project.gen/sources_1/ip/BRAM_img1/BRAM_img1/BRAM_img1_in_context.xdc] for cell 'your_instance_name'
Finished Parsing XDC File [c:/Users/Madalin/OneDrive/SSC/VGA-Project/VGA-Project.gen/sources_1/ip/BRAM_img1/BRAM_img1/BRAM_img1_in_context.xdc] for cell 'your_instance_name'
Parsing XDC File [C:/Users/Madalin/OneDrive/SSC/VGA-Project/VGA-Project.srcs/constrs_1/new/Basys3.xdc]
Finished Parsing XDC File [C:/Users/Madalin/OneDrive/SSC/VGA-Project/VGA-Project.srcs/constrs_1/new/Basys3.xdc]
INFO: [Project 1-236] Implementation specific constraints were found while reading constraint file [C:/Users/Madalin/OneDrive/SSC/VGA-Project/VGA-Project.srcs/constrs_1/new/Basys3.xdc]. These constraints will be ignored for synthesis but will be used in implementation. Impacted constraints are listed in the file [.Xil/VGA_Controller_propImpl.xdc].
Resolution: To avoid this warning, move constraints listed in [.Xil/VGA_Controller_propImpl.xdc] to another XDC file and exclude this new file from synthesis with the used_in_synthesis property (File Properties dialog in GUI) and re-run elaboration/synthesis.
Completed Processing XDC Constraints

Netlist sorting complete. Time (s): cpu = 00:00:00 ; elapsed = 00:00:00.001 . Memory (MB): peak = 1295.207 ; gain = 0.000
INFO: [Project 1-111] Unisim Transformation Summary:
No Unisim elements were transformed.

Constraint Validation Runtime : Time (s): cpu = 00:00:00 ; elapsed = 00:00:00.002 . Memory (MB): peak = 1295.207 ; gain = 0.000
INFO: [Designutils 20-5440] No compile time benefit to using incremental synthesis; A full resynthesis will be run
INFO: [Designutils 20-4379] Flow is switching to default flow due to incremental criteria not met. If you would like to alter this behaviour and have the flow terminate instead, please set the following parameter config_implementation {autoIncr.Synth.RejectBehavior Terminate}
---------------------------------------------------------------------------------
Finished Constraint Validation : Time (s): cpu = 00:00:11 ; elapsed = 00:00:11 . Memory (MB): peak = 1295.207 ; gain = 0.000
---------------------------------------------------------------------------------
---------------------------------------------------------------------------------
Start Loading Part and Timing Information
---------------------------------------------------------------------------------
Loading part: xc7a35tcpg236-1
---------------------------------------------------------------------------------
Finished Loading Part and Timing Information : Time (s): cpu = 00:00:11 ; elapsed = 00:00:11 . Memory (MB): peak = 1295.207 ; gain = 0.000
---------------------------------------------------------------------------------
---------------------------------------------------------------------------------
Start Applying 'set_property' XDC Constraints
---------------------------------------------------------------------------------
Applied set_property KEEP_HIERARCHY = SOFT for your_instance_name. (constraint file  auto generated constraint).
---------------------------------------------------------------------------------
Finished applying 'set_property' XDC Constraints : Time (s): cpu = 00:00:11 ; elapsed = 00:00:11 . Memory (MB): peak = 1295.207 ; gain = 0.000
---------------------------------------------------------------------------------
---------------------------------------------------------------------------------
Finished RTL Optimization Phase 2 : Time (s): cpu = 00:00:11 ; elapsed = 00:00:11 . Memory (MB): peak = 1295.207 ; gain = 0.000
---------------------------------------------------------------------------------
---------------------------------------------------------------------------------
Start RTL Component Statistics 
---------------------------------------------------------------------------------
Detailed RTL Component Info : 
+---Adders : 
	   2 Input   32 Bit       Adders := 2     
	   2 Input   11 Bit       Adders := 2     
+---Registers : 
	               32 Bit    Registers := 2     
	                1 Bit    Registers := 3     
+---Muxes : 
	   2 Input   32 Bit        Muxes := 2     
	   2 Input   17 Bit        Muxes := 1     
	   2 Input    4 Bit        Muxes := 3     
---------------------------------------------------------------------------------
Finished RTL Component Statistics 
---------------------------------------------------------------------------------
---------------------------------------------------------------------------------
Start Part Resource Summary
---------------------------------------------------------------------------------
Part Resources:
DSPs: 90 (col length:60)
BRAMs: 100 (col length: RAMB18 60 RAMB36 30)
---------------------------------------------------------------------------------
Finished Part Resource Summary
---------------------------------------------------------------------------------
---------------------------------------------------------------------------------
Start Cross Boundary and Area Optimization
---------------------------------------------------------------------------------
WARNING: [Synth 8-7080] Parallel synthesis criteria is not met
DSP Report: Generating DSP memAddr0, operation Mode is: A*B.
DSP Report: operator memAddr0 is absorbed into DSP memAddr0.
---------------------------------------------------------------------------------
Finished Cross Boundary and Area Optimization : Time (s): cpu = 00:00:13 ; elapsed = 00:00:13 . Memory (MB): peak = 1295.207 ; gain = 0.000
---------------------------------------------------------------------------------
---------------------------------------------------------------------------------
Start ROM, RAM, DSP, Shift Register and Retiming Reporting
---------------------------------------------------------------------------------

DSP: Preliminary Mapping Report (see note below. The ' indicates corresponding REG is set)
+---------------+-------------+--------+--------+--------+--------+--------+------+------+------+------+-------+------+------+
|Module Name    | DSP Mapping | A Size | B Size | C Size | D Size | P Size | AREG | BREG | CREG | DREG | ADREG | MREG | PREG | 
+---------------+-------------+--------+--------+--------+--------+--------+------+------+------+------+-------+------+------+
|VGA_Controller | A*B         | 11     | 11     | -      | -      | 22     | 0    | 0    | -    | -    | -     | 0    | 0    | 
+---------------+-------------+--------+--------+--------+--------+--------+------+------+------+------+-------+------+------+

Note: The table above is a preliminary report that shows the DSPs inferred at the current stage of the synthesis flow. Some DSP may be reimplemented as non DSP primitives later in the synthesis flow. Multiple instantiated DSPs are reported only once.
---------------------------------------------------------------------------------
Finished ROM, RAM, DSP, Shift Register and Retiming Reporting
---------------------------------------------------------------------------------

*** Running vivado
    with args -log VGA_Controller.vds -m64 -product Vivado -mode batch -messageDb vivado.pb -notrace -source VGA_Controller.tcl



****** Vivado v2022.1 (64-bit)
  **** SW Build 3526262 on Mon Apr 18 15:48:16 MDT 2022
  **** IP Build 3524634 on Mon Apr 18 20:55:01 MDT 2022
    ** Copyright 1986-2022 Xilinx, Inc. All Rights Reserved.

source VGA_Controller.tcl -notrace
Command: read_checkpoint -auto_incremental -incremental C:/Users/Madalin/OneDrive/SSC/VGA-Project/VGA-Project.srcs/utils_1/imports/synth_1/Frequency_Divider.dcp
INFO: [Vivado 12-5825] Read reference checkpoint from C:/Users/Madalin/OneDrive/SSC/VGA-Project/VGA-Project.srcs/utils_1/imports/synth_1/Frequency_Divider.dcp for incremental synthesis
INFO: [Vivado 12-7989] Please ensure there are no constraint changes
Command: synth_design -top VGA_Controller -part xc7a35tcpg236-1
Starting synth_design
Attempting to get a license for feature 'Synthesis' and/or device 'xc7a35t'
INFO: [Common 17-349] Got license for feature 'Synthesis' and/or device 'xc7a35t'
INFO: [Device 21-403] Loading part xc7a35tcpg236-1
INFO: [Designutils 20-5440] No compile time benefit to using incremental synthesis; A full resynthesis will be run
INFO: [Designutils 20-4379] Flow is switching to default flow due to incremental criteria not met. If you would like to alter this behaviour and have the flow terminate instead, please set the following parameter config_implementation {autoIncr.Synth.RejectBehavior Terminate}
INFO: [Synth 8-7079] Multithreading enabled for synth_design using a maximum of 2 processes.
INFO: [Synth 8-7078] Launching helper process for spawning children vivado processes
INFO: [Synth 8-7075] Helper process launched with PID 7740
---------------------------------------------------------------------------------
Starting RTL Elaboration : Time (s): cpu = 00:00:04 ; elapsed = 00:00:04 . Memory (MB): peak = 1294.238 ; gain = 0.000
---------------------------------------------------------------------------------
INFO: [Synth 8-638] synthesizing module 'VGA_Controller' [C:/Users/Madalin/OneDrive/SSC/VGA-Project/VGA-Project.srcs/sources_1/new/VGA_Controller.vhd:49]
INFO: [Synth 8-638] synthesizing module 'Frequency_Divider' [C:/Users/Madalin/OneDrive/SSC/VGA-Project/VGA-Project.srcs/sources_1/new/Frequency_Divider.vhd:40]
INFO: [Synth 8-256] done synthesizing module 'Frequency_Divider' (0#1) [C:/Users/Madalin/OneDrive/SSC/VGA-Project/VGA-Project.srcs/sources_1/new/Frequency_Divider.vhd:40]
INFO: [Synth 8-638] synthesizing module 'Counters' [C:/Users/Madalin/OneDrive/SSC/VGA-Project/VGA-Project.srcs/sources_1/new/Counters.vhd:44]
	Parameter HORIZONTAL bound to: 800 - type: integer 
	Parameter VERTICAL bound to: 525 - type: integer 
INFO: [Synth 8-256] done synthesizing module 'Counters' (0#1) [C:/Users/Madalin/OneDrive/SSC/VGA-Project/VGA-Project.srcs/sources_1/new/Counters.vhd:44]
INFO: [Synth 8-638] synthesizing module 'Comparators' [C:/Users/Madalin/OneDrive/SSC/VGA-Project/VGA-Project.srcs/sources_1/new/Comparators.vhd:58]
	Parameter H_MIN_ADDRESSABLE bound to: 144 - type: integer 
	Parameter H_MAX_ADDRESSABLE bound to: 784 - type: integer 
	Parameter V_MIN_ADDRESSABLE bound to: 35 - type: integer 
	Parameter V_MAX_ADDRESSABLE bound to: 515 - type: integer 
	Parameter H_MIN_HS_VS_GENERATION bound to: 0 - type: integer 
	Parameter H_MAX_HS_VS_GENERATION bound to: 96 - type: integer 
	Parameter V_MIN_HS_VS_GENERATION bound to: 0 - type: integer 
	Parameter V_MAX_HS_VS_GENERATION bound to: 2 - type: integer 
INFO: [Synth 8-256] done synthesizing module 'Comparators' (0#1) [C:/Users/Madalin/OneDrive/SSC/VGA-Project/VGA-Project.srcs/sources_1/new/Comparators.vhd:58]
INFO: [Synth 8-3491] module 'BRAM_img1' declared at 'C:/Users/Madalin/OneDrive/SSC/VGA-Project/VGA-Project.runs/synth_1/.Xil/Vivado-13488-DESKTOP-6LNBR6U/realtime/BRAM_img1_stub.v:5' bound to instance 'your_instance_name' of component 'BRAM_img1' [C:/Users/Madalin/OneDrive/SSC/VGA-Project/VGA-Project.srcs/sources_1/new/VGA_Controller.vhd:144]
INFO: [Synth 8-6157] synthesizing module 'BRAM_img1' [C:/Users/Madalin/OneDrive/SSC/VGA-Project/VGA-Project.runs/synth_1/.Xil/Vivado-13488-DESKTOP-6LNBR6U/realtime/BRAM_img1_stub.v:5]
INFO: [Synth 8-6155] done synthesizing module 'BRAM_img1' (0#1) [C:/Users/Madalin/OneDrive/SSC/VGA-Project/VGA-Project.runs/synth_1/.Xil/Vivado-13488-DESKTOP-6LNBR6U/realtime/BRAM_img1_stub.v:5]
WARNING: [Synth 8-614] signal 'V_counter' is read in the process but is not in the sensitivity list [C:/Users/Madalin/OneDrive/SSC/VGA-Project/VGA-Project.srcs/sources_1/new/VGA_Controller.vhd:153]
WARNING: [Synth 8-614] signal 'H_counter' is read in the process but is not in the sensitivity list [C:/Users/Madalin/OneDrive/SSC/VGA-Project/VGA-Project.srcs/sources_1/new/VGA_Controller.vhd:153]
WARNING: [Synth 8-614] signal 'Img_data' is read in the process but is not in the sensitivity list [C:/Users/Madalin/OneDrive/SSC/VGA-Project/VGA-Project.srcs/sources_1/new/VGA_Controller.vhd:153]
INFO: [Synth 8-256] done synthesizing module 'VGA_Controller' (0#1) [C:/Users/Madalin/OneDrive/SSC/VGA-Project/VGA-Project.srcs/sources_1/new/VGA_Controller.vhd:49]
---------------------------------------------------------------------------------
Finished RTL Elaboration : Time (s): cpu = 00:00:05 ; elapsed = 00:00:05 . Memory (MB): peak = 1294.238 ; gain = 0.000
---------------------------------------------------------------------------------
---------------------------------------------------------------------------------
Start Handling Custom Attributes
---------------------------------------------------------------------------------
---------------------------------------------------------------------------------
Finished Handling Custom Attributes : Time (s): cpu = 00:00:05 ; elapsed = 00:00:05 . Memory (MB): peak = 1294.238 ; gain = 0.000
---------------------------------------------------------------------------------
---------------------------------------------------------------------------------
Finished RTL Optimization Phase 1 : Time (s): cpu = 00:00:05 ; elapsed = 00:00:05 . Memory (MB): peak = 1294.238 ; gain = 0.000
---------------------------------------------------------------------------------
Netlist sorting complete. Time (s): cpu = 00:00:00 ; elapsed = 00:00:00.002 . Memory (MB): peak = 1294.238 ; gain = 0.000
INFO: [Project 1-570] Preparing netlist for logic optimization

Processing XDC Constraints
Initializing timing engine
Parsing XDC File [c:/Users/Madalin/OneDrive/SSC/VGA-Project/VGA-Project.gen/sources_1/ip/BRAM_img1/BRAM_img1/BRAM_img1_in_context.xdc] for cell 'your_instance_name'
Finished Parsing XDC File [c:/Users/Madalin/OneDrive/SSC/VGA-Project/VGA-Project.gen/sources_1/ip/BRAM_img1/BRAM_img1/BRAM_img1_in_context.xdc] for cell 'your_instance_name'
Parsing XDC File [C:/Users/Madalin/OneDrive/SSC/VGA-Project/VGA-Project.srcs/constrs_1/new/Basys3.xdc]
Finished Parsing XDC File [C:/Users/Madalin/OneDrive/SSC/VGA-Project/VGA-Project.srcs/constrs_1/new/Basys3.xdc]
INFO: [Project 1-236] Implementation specific constraints were found while reading constraint file [C:/Users/Madalin/OneDrive/SSC/VGA-Project/VGA-Project.srcs/constrs_1/new/Basys3.xdc]. These constraints will be ignored for synthesis but will be used in implementation. Impacted constraints are listed in the file [.Xil/VGA_Controller_propImpl.xdc].
Resolution: To avoid this warning, move constraints listed in [.Xil/VGA_Controller_propImpl.xdc] to another XDC file and exclude this new file from synthesis with the used_in_synthesis property (File Properties dialog in GUI) and re-run elaboration/synthesis.
Completed Processing XDC Constraints

Netlist sorting complete. Time (s): cpu = 00:00:00 ; elapsed = 00:00:00 . Memory (MB): peak = 1310.188 ; gain = 0.000
INFO: [Project 1-111] Unisim Transformation Summary:
No Unisim elements were transformed.

Constraint Validation Runtime : Time (s): cpu = 00:00:00 ; elapsed = 00:00:00.002 . Memory (MB): peak = 1310.188 ; gain = 0.000
INFO: [Designutils 20-5440] No compile time benefit to using incremental synthesis; A full resynthesis will be run
INFO: [Designutils 20-4379] Flow is switching to default flow due to incremental criteria not met. If you would like to alter this behaviour and have the flow terminate instead, please set the following parameter config_implementation {autoIncr.Synth.RejectBehavior Terminate}
---------------------------------------------------------------------------------
Finished Constraint Validation : Time (s): cpu = 00:00:11 ; elapsed = 00:00:11 . Memory (MB): peak = 1310.188 ; gain = 15.949
---------------------------------------------------------------------------------
---------------------------------------------------------------------------------
Start Loading Part and Timing Information
---------------------------------------------------------------------------------
Loading part: xc7a35tcpg236-1
---------------------------------------------------------------------------------
Finished Loading Part and Timing Information : Time (s): cpu = 00:00:11 ; elapsed = 00:00:11 . Memory (MB): peak = 1310.188 ; gain = 15.949
---------------------------------------------------------------------------------
---------------------------------------------------------------------------------
Start Applying 'set_property' XDC Constraints
---------------------------------------------------------------------------------
Applied set_property KEEP_HIERARCHY = SOFT for your_instance_name. (constraint file  auto generated constraint).
---------------------------------------------------------------------------------
Finished applying 'set_property' XDC Constraints : Time (s): cpu = 00:00:11 ; elapsed = 00:00:11 . Memory (MB): peak = 1310.188 ; gain = 15.949
---------------------------------------------------------------------------------
---------------------------------------------------------------------------------
Finished RTL Optimization Phase 2 : Time (s): cpu = 00:00:11 ; elapsed = 00:00:11 . Memory (MB): peak = 1310.188 ; gain = 15.949
---------------------------------------------------------------------------------
---------------------------------------------------------------------------------
Start RTL Component Statistics 
---------------------------------------------------------------------------------
Detailed RTL Component Info : 
+---Adders : 
	   2 Input   32 Bit       Adders := 2     
	   2 Input   11 Bit       Adders := 2     
+---Registers : 
	               32 Bit    Registers := 2     
	                1 Bit    Registers := 3     
+---Muxes : 
	   2 Input   32 Bit        Muxes := 2     
	   2 Input   17 Bit        Muxes := 1     
	   2 Input    4 Bit        Muxes := 3     
---------------------------------------------------------------------------------
Finished RTL Component Statistics 
---------------------------------------------------------------------------------
---------------------------------------------------------------------------------
Start Part Resource Summary
---------------------------------------------------------------------------------
Part Resources:
DSPs: 90 (col length:60)
BRAMs: 100 (col length: RAMB18 60 RAMB36 30)
---------------------------------------------------------------------------------
Finished Part Resource Summary
---------------------------------------------------------------------------------
---------------------------------------------------------------------------------
Start Cross Boundary and Area Optimization
---------------------------------------------------------------------------------
WARNING: [Synth 8-7080] Parallel synthesis criteria is not met
DSP Report: Generating DSP memAddr0, operation Mode is: A*B.
DSP Report: operator memAddr0 is absorbed into DSP memAddr0.
---------------------------------------------------------------------------------
Finished Cross Boundary and Area Optimization : Time (s): cpu = 00:00:13 ; elapsed = 00:00:13 . Memory (MB): peak = 1310.188 ; gain = 15.949
---------------------------------------------------------------------------------
---------------------------------------------------------------------------------
Start ROM, RAM, DSP, Shift Register and Retiming Reporting
---------------------------------------------------------------------------------

DSP: Preliminary Mapping Report (see note below. The ' indicates corresponding REG is set)
+---------------+-------------+--------+--------+--------+--------+--------+------+------+------+------+-------+------+------+
|Module Name    | DSP Mapping | A Size | B Size | C Size | D Size | P Size | AREG | BREG | CREG | DREG | ADREG | MREG | PREG | 
+---------------+-------------+--------+--------+--------+--------+--------+------+------+------+------+-------+------+------+
|VGA_Controller | A*B         | 11     | 11     | -      | -      | 22     | 0    | 0    | -    | -    | -     | 0    | 0    | 
+---------------+-------------+--------+--------+--------+--------+--------+------+------+------+------+-------+------+------+

Note: The table above is a preliminary report that shows the DSPs inferred at the current stage of the synthesis flow. Some DSP may be reimplemented as non DSP primitives later in the synthesis flow. Multiple instantiated DSPs are reported only once.
---------------------------------------------------------------------------------
Finished ROM, RAM, DSP, Shift Register and Retiming Reporting
---------------------------------------------------------------------------------
---------------------------------------------------------------------------------
Start Applying XDC Timing Constraints
---------------------------------------------------------------------------------
---------------------------------------------------------------------------------
Finished Applying XDC Timing Constraints : Time (s): cpu = 00:00:20 ; elapsed = 00:00:20 . Memory (MB): peak = 1310.188 ; gain = 15.949
---------------------------------------------------------------------------------
---------------------------------------------------------------------------------
Start Timing Optimization
---------------------------------------------------------------------------------
---------------------------------------------------------------------------------
Finished Timing Optimization : Time (s): cpu = 00:00:20 ; elapsed = 00:00:20 . Memory (MB): peak = 1310.188 ; gain = 15.949
---------------------------------------------------------------------------------
---------------------------------------------------------------------------------
Start Technology Mapping
---------------------------------------------------------------------------------
---------------------------------------------------------------------------------
Finished Technology Mapping : Time (s): cpu = 00:00:20 ; elapsed = 00:00:21 . Memory (MB): peak = 1310.188 ; gain = 15.949
---------------------------------------------------------------------------------
---------------------------------------------------------------------------------
Start IO Insertion
---------------------------------------------------------------------------------
---------------------------------------------------------------------------------
Start Flattening Before IO Insertion
---------------------------------------------------------------------------------
---------------------------------------------------------------------------------
Finished Flattening Before IO Insertion
---------------------------------------------------------------------------------
---------------------------------------------------------------------------------
Start Final Netlist Cleanup
---------------------------------------------------------------------------------
---------------------------------------------------------------------------------
Finished Final Netlist Cleanup
---------------------------------------------------------------------------------
---------------------------------------------------------------------------------
Finished IO Insertion : Time (s): cpu = 00:00:23 ; elapsed = 00:00:24 . Memory (MB): peak = 1310.188 ; gain = 15.949
---------------------------------------------------------------------------------
---------------------------------------------------------------------------------
Start Renaming Generated Instances
---------------------------------------------------------------------------------
---------------------------------------------------------------------------------
Finished Renaming Generated Instances : Time (s): cpu = 00:00:23 ; elapsed = 00:00:24 . Memory (MB): peak = 1310.188 ; gain = 15.949
---------------------------------------------------------------------------------
---------------------------------------------------------------------------------
Start Rebuilding User Hierarchy
---------------------------------------------------------------------------------
---------------------------------------------------------------------------------
Finished Rebuilding User Hierarchy : Time (s): cpu = 00:00:23 ; elapsed = 00:00:24 . Memory (MB): peak = 1310.188 ; gain = 15.949
---------------------------------------------------------------------------------
---------------------------------------------------------------------------------
Start Renaming Generated Ports
---------------------------------------------------------------------------------
---------------------------------------------------------------------------------
Finished Renaming Generated Ports : Time (s): cpu = 00:00:23 ; elapsed = 00:00:24 . Memory (MB): peak = 1310.188 ; gain = 15.949
---------------------------------------------------------------------------------
---------------------------------------------------------------------------------
Start Handling Custom Attributes
---------------------------------------------------------------------------------
---------------------------------------------------------------------------------
Finished Handling Custom Attributes : Time (s): cpu = 00:00:23 ; elapsed = 00:00:24 . Memory (MB): peak = 1310.188 ; gain = 15.949
---------------------------------------------------------------------------------
---------------------------------------------------------------------------------
Start Renaming Generated Nets
---------------------------------------------------------------------------------
---------------------------------------------------------------------------------
Finished Renaming Generated Nets : Time (s): cpu = 00:00:23 ; elapsed = 00:00:24 . Memory (MB): peak = 1310.188 ; gain = 15.949
---------------------------------------------------------------------------------
---------------------------------------------------------------------------------
Start Writing Synthesis Report
---------------------------------------------------------------------------------

DSP Final Report (the ' indicates corresponding REG is set)
+---------------+-------------+--------+--------+--------+--------+--------+------+------+------+------+-------+------+------+
|Module Name    | DSP Mapping | A Size | B Size | C Size | D Size | P Size | AREG | BREG | CREG | DREG | ADREG | MREG | PREG | 
+---------------+-------------+--------+--------+--------+--------+--------+------+------+------+------+-------+------+------+
|VGA_Controller | A*B         | 30     | 18     | -      | -      | 22     | 0    | 0    | -    | -    | -     | 0    | 0    | 
+---------------+-------------+--------+--------+--------+--------+--------+------+------+------+------+-------+------+------+


Report BlackBoxes: 
+------+--------------+----------+
|      |BlackBox name |Instances |
+------+--------------+----------+
|1     |BRAM_img1     |         1|
+------+--------------+----------+

Report Cell Usage: 
+------+----------+------+
|      |Cell      |Count |
+------+----------+------+
|1     |BRAM_img1 |     1|
|2     |BUFG      |     2|
|3     |CARRY4    |    16|
|4     |DSP48E1   |     1|
|5     |LUT1      |     5|
|6     |LUT2      |     3|
|7     |LUT3      |     4|
|8     |LUT4      |    13|
|9     |LUT5      |    77|
|10    |LUT6      |    36|
|11    |FDCE      |    65|
|12    |FDRE      |     2|
|13    |IBUF      |     2|
|14    |OBUF      |    14|
+------+----------+------+
---------------------------------------------------------------------------------
Finished Writing Synthesis Report : Time (s): cpu = 00:00:23 ; elapsed = 00:00:24 . Memory (MB): peak = 1310.188 ; gain = 15.949
---------------------------------------------------------------------------------
Synthesis finished with 0 errors, 0 critical warnings and 1 warnings.
Synthesis Optimization Runtime : Time (s): cpu = 00:00:17 ; elapsed = 00:00:23 . Memory (MB): peak = 1310.188 ; gain = 0.000
Synthesis Optimization Complete : Time (s): cpu = 00:00:23 ; elapsed = 00:00:24 . Memory (MB): peak = 1310.188 ; gain = 15.949
INFO: [Project 1-571] Translating synthesized netlist
Netlist sorting complete. Time (s): cpu = 00:00:00 ; elapsed = 00:00:00.003 . Memory (MB): peak = 1318.207 ; gain = 0.000
INFO: [Netlist 29-17] Analyzing 17 Unisim elements for replacement
INFO: [Netlist 29-28] Unisim Transformation completed in 0 CPU seconds
INFO: [Project 1-570] Preparing netlist for logic optimization
INFO: [Opt 31-138] Pushed 0 inverter(s) to 0 load pin(s).
Netlist sorting complete. Time (s): cpu = 00:00:00 ; elapsed = 00:00:00 . Memory (MB): peak = 1323.871 ; gain = 0.000
INFO: [Project 1-111] Unisim Transformation Summary:
No Unisim elements were transformed.

Synth Design complete, checksum: 1d0b7ad9
INFO: [Common 17-83] Releasing license: Synthesis
32 Infos, 4 Warnings, 0 Critical Warnings and 0 Errors encountered.
synth_design completed successfully
synth_design: Time (s): cpu = 00:00:27 ; elapsed = 00:00:28 . Memory (MB): peak = 1323.871 ; gain = 29.633
INFO: [Common 17-1381] The checkpoint 'C:/Users/Madalin/OneDrive/SSC/VGA-Project/VGA-Project.runs/synth_1/VGA_Controller.dcp' has been generated.
INFO: [runtcl-4] Executing : report_utilization -file VGA_Controller_utilization_synth.rpt -pb VGA_Controller_utilization_synth.pb
INFO: [Common 17-206] Exiting Vivado at Sun Oct 16 12:17:17 2022...
